rdVideoEditSDK/xpkUISdkDemo/build/outputs/logs/manifest-merger-debug-report.txt
-- Merging decision tree log ---
manifest
ADDED from rdVideoEditSDK\xpkUISdkDemo\AndroidManifest.xml:2:1-75:12
	package
		ADDED from rdVideoEditSDK\xpkUISdkDemo\AndroidManifest.xml:3:5-35
	android:versionName
		ADDED from rdVideoEditSDK\xpkUISdkDemo\AndroidManifest.xml:6:5-30
		INJECTED from rdVideoEditSDK\xpkUISdkDemo\AndroidManifest.xml
		INJECTED from rdVideoEditSDK\xpkUISdkDemo\AndroidManifest.xml
	android:versionCode
		ADDED from rdVideoEditSDK\xpkUISdkDemo\AndroidManifest.xml:5:5-28
		INJECTED from rdVideoEditSDK\xpkUISdkDemo\AndroidManifest.xml
		INJECTED from rdVideoEditSDK\xpkUISdkDemo\AndroidManifest.xml
	xmlns:android
		ADDED from rdVideoEditSDK\xpkUISdkDemo\AndroidManifest.xml:2:11-69
	android:installLocation
		ADDED from rdVideoEditSDK\xpkUISdkDemo\AndroidManifest.xml:4:5-35
supports-screens
ADDED from rdVideoEditSDK\xpkUISdkDemo\AndroidManifest.xml:8:5-13:24
	android:largeScreens
		ADDED from rdVideoEditSDK\xpkUISdkDemo\AndroidManifest.xml:10:9-36
	android:smallScreens
		ADDED from rdVideoEditSDK\xpkUISdkDemo\AndroidManifest.xml:12:9-36
	android:normalScreens
		ADDED from rdVideoEditSDK\xpkUISdkDemo\AndroidManifest.xml:11:9-37
	android:anyDensity
		ADDED from rdVideoEditSDK\xpkUISdkDemo\AndroidManifest.xml:9:9-34
uses-sdk
ADDED from rdVideoEditSDK\xpkUISdkDemo\AndroidManifest.xml:15:5-17:41
MERGED from [xpkUISdkDemo:xpkUISdk:unspecified] AndroidManifest.xml:7:5-9:41
MERGED from [com.rd:base:0.2.1] AndroidManifest.xml:5:5-43
MERGED from [com.rd:recorderbase:0.2.9] AndroidManifest.xml:5:5-43
MERGED from [com.android.support:support-v4:23.2.1] AndroidManifest.xml:20:5-43
	android:targetSdkVersion
		ADDED from rdVideoEditSDK\xpkUISdkDemo\AndroidManifest.xml:17:9-38
		INJECTED from rdVideoEditSDK\xpkUISdkDemo\AndroidManifest.xml
		INJECTED from rdVideoEditSDK\xpkUISdkDemo\AndroidManifest.xml
	android:minSdkVersion
		ADDED from rdVideoEditSDK\xpkUISdkDemo\AndroidManifest.xml:16:9-35
		INJECTED from rdVideoEditSDK\xpkUISdkDemo\AndroidManifest.xml
		INJECTED from rdVideoEditSDK\xpkUISdkDemo\AndroidManifest.xml
permission#android.permission.WRITE_EXTERNAL_STORAGE
ADDED from rdVideoEditSDK\xpkUISdkDemo\AndroidManifest.xml:19:5-76
MERGED from [xpkUISdkDemo:xpkUISdk:unspecified] AndroidManifest.xml:11:5-76
	android:name
		ADDED from rdVideoEditSDK\xpkUISdkDemo\AndroidManifest.xml:19:17-73
permission#android.permission.READ_EXTERNAL_STORAGE
ADDED from rdVideoEditSDK\xpkUISdkDemo\AndroidManifest.xml:20:5-75
	android:name
		ADDED from rdVideoEditSDK\xpkUISdkDemo\AndroidManifest.xml:20:17-72
permission#android.permission.CAMERA
ADDED from rdVideoEditSDK\xpkUISdkDemo\AndroidManifest.xml:21:5-60
MERGED from [xpkUISdkDemo:xpkUISdk:unspecified] AndroidManifest.xml:12:5-60
	android:name
		ADDED from rdVideoEditSDK\xpkUISdkDemo\AndroidManifest.xml:21:17-57
permission#android.permission.RECORD_AUDIO
ADDED from rdVideoEditSDK\xpkUISdkDemo\AndroidManifest.xml:22:5-66
MERGED from [xpkUISdkDemo:xpkUISdk:unspecified] AndroidManifest.xml:13:5-66
	android:name
		ADDED from rdVideoEditSDK\xpkUISdkDemo\AndroidManifest.xml:22:17-63
uses-permission#android.permission.WRITE_EXTERNAL_STORAGE
ADDED from rdVideoEditSDK\xpkUISdkDemo\AndroidManifest.xml:25:5-81
	android:name
		ADDED from rdVideoEditSDK\xpkUISdkDemo\AndroidManifest.xml:25:22-78
uses-permission#android.permission.READ_EXTERNAL_STORAGE
ADDED from rdVideoEditSDK\xpkUISdkDemo\AndroidManifest.xml:26:5-80
	android:name
		ADDED from rdVideoEditSDK\xpkUISdkDemo\AndroidManifest.xml:26:22-77
uses-permission#android.permission.INTERNET
ADDED from rdVideoEditSDK\xpkUISdkDemo\AndroidManifest.xml:27:5-67
	android:name
		ADDED from rdVideoEditSDK\xpkUISdkDemo\AndroidManifest.xml:27:22-64
uses-permission#android.permission.ACCESS_NETWORK_STATE
ADDED from rdVideoEditSDK\xpkUISdkDemo\AndroidManifest.xml:28:5-79
	android:name
		ADDED from rdVideoEditSDK\xpkUISdkDemo\AndroidManifest.xml:28:22-76
uses-permission#android.permission.RECORD_AUDIO
ADDED from rdVideoEditSDK\xpkUISdkDemo\AndroidManifest.xml:29:5-71
	android:name
		ADDED from rdVideoEditSDK\xpkUISdkDemo\AndroidManifest.xml:29:22-68
uses-permission#android.permission.CAMERA
ADDED from rdVideoEditSDK\xpkUISdkDemo\AndroidManifest.xml:30:5-65
	android:name
		ADDED from rdVideoEditSDK\xpkUISdkDemo\AndroidManifest.xml:30:22-62
uses-permission#android.permission.ACCESS_WIFI_STATE
ADDED from rdVideoEditSDK\xpkUISdkDemo\AndroidManifest.xml:31:5-76
	android:name
		ADDED from rdVideoEditSDK\xpkUISdkDemo\AndroidManifest.xml:31:22-73
uses-permission#android.permission.READ_PHONE_STATE
ADDED from rdVideoEditSDK\xpkUISdkDemo\AndroidManifest.xml:32:5-75
	android:name
		ADDED from rdVideoEditSDK\xpkUISdkDemo\AndroidManifest.xml:32:22-72
uses-permission#android.permission.WRITE_SETTINGS
ADDED from rdVideoEditSDK\xpkUISdkDemo\AndroidManifest.xml:33:5-73
	android:name
		ADDED from rdVideoEditSDK\xpkUISdkDemo\AndroidManifest.xml:33:22-70
uses-permission#android.permission.READ_LOGS
ADDED from rdVideoEditSDK\xpkUISdkDemo\AndroidManifest.xml:34:5-68
	android:name
		ADDED from rdVideoEditSDK\xpkUISdkDemo\AndroidManifest.xml:34:22-65
uses-permission#android.permission.WAKE_LOCK
ADDED from rdVideoEditSDK\xpkUISdkDemo\AndroidManifest.xml:37:5-68
	android:name
		ADDED from rdVideoEditSDK\xpkUISdkDemo\AndroidManifest.xml:37:22-65
application
ADDED from rdVideoEditSDK\xpkUISdkDemo\AndroidManifest.xml:39:5-73:19
MERGED from [xpkUISdkDemo:xpkUISdk:unspecified] AndroidManifest.xml:15:5-126:19
MERGED from [com.rd:base:0.2.1] AndroidManifest.xml:7:5-10:19
MERGED from [com.rd:recorderbase:0.2.9] AndroidManifest.xml:7:5-20
MERGED from [com.android.support:support-v4:23.2.1] AndroidManifest.xml:22:5-20
	android:label
		ADDED from rdVideoEditSDK\xpkUISdkDemo\AndroidManifest.xml:46:9-41
	android:supportsRtl
		ADDED from [com.rd:base:0.2.1] AndroidManifest.xml:9:9-35
	android:hardwareAccelerated
		ADDED from rdVideoEditSDK\xpkUISdkDemo\AndroidManifest.xml:44:9-43
	android:configChanges
		ADDED from rdVideoEditSDK\xpkUISdkDemo\AndroidManifest.xml:42:9-47
	android:allowBackup
		ADDED from rdVideoEditSDK\xpkUISdkDemo\AndroidManifest.xml:41:9-35
	android:icon
		ADDED from rdVideoEditSDK\xpkUISdkDemo\AndroidManifest.xml:45:9-45
	android:largeHeap
		ADDED from rdVideoEditSDK\xpkUISdkDemo\AndroidManifest.xml:47:9-33
	android:description
		ADDED from rdVideoEditSDK\xpkUISdkDemo\AndroidManifest.xml:43:9-47
	android:theme
		ADDED from rdVideoEditSDK\xpkUISdkDemo\AndroidManifest.xml:48:9-58
	android:name
		ADDED from rdVideoEditSDK\xpkUISdkDemo\AndroidManifest.xml:40:9-32
activity#com.rd.xpkuisdk.demo.SimpleActivity
ADDED from rdVideoEditSDK\xpkUISdkDemo\AndroidManifest.xml:49:9-57:20
	android:configChanges
		ADDED from rdVideoEditSDK\xpkUISdkDemo\AndroidManifest.xml:51:13-51
	android:name
		ADDED from rdVideoEditSDK\xpkUISdkDemo\AndroidManifest.xml:50:13-43
intent-filter#android.intent.action.MAIN+android.intent.category.LAUNCHER
ADDED from rdVideoEditSDK\xpkUISdkDemo\AndroidManifest.xml:52:13-56:29
action#android.intent.action.MAIN
ADDED from rdVideoEditSDK\xpkUISdkDemo\AndroidManifest.xml:53:17-69
	android:name
		ADDED from rdVideoEditSDK\xpkUISdkDemo\AndroidManifest.xml:53:25-66
category#android.intent.category.LAUNCHER
ADDED from rdVideoEditSDK\xpkUISdkDemo\AndroidManifest.xml:55:17-77
	android:name
		ADDED from rdVideoEditSDK\xpkUISdkDemo\AndroidManifest.xml:55:27-74
activity#com.rd.xpkuisdk.demo.VideoPlayerActivity
ADDED from rdVideoEditSDK\xpkUISdkDemo\AndroidManifest.xml:58:9-63:20
	android:screenOrientation
		ADDED from rdVideoEditSDK\xpkUISdkDemo\AndroidManifest.xml:61:13-49
	android:configChanges
		ADDED from rdVideoEditSDK\xpkUISdkDemo\AndroidManifest.xml:60:13-51
	android:theme
		ADDED from rdVideoEditSDK\xpkUISdkDemo\AndroidManifest.xml:62:13-55
	android:name
		ADDED from rdVideoEditSDK\xpkUISdkDemo\AndroidManifest.xml:59:13-48
activity#com.rd.xpkuisdk.demo.DialogActivity
ADDED from rdVideoEditSDK\xpkUISdkDemo\AndroidManifest.xml:64:9-68:20
	android:configChanges
		ADDED from rdVideoEditSDK\xpkUISdkDemo\AndroidManifest.xml:66:13-51
	android:theme
		ADDED from rdVideoEditSDK\xpkUISdkDemo\AndroidManifest.xml:67:13-55
	android:name
		ADDED from rdVideoEditSDK\xpkUISdkDemo\AndroidManifest.xml:65:13-43
activity#com.rd.xpkuisdk.demo.AlbumActivity
ADDED from rdVideoEditSDK\xpkUISdkDemo\AndroidManifest.xml:69:9-72:20
	android:configChanges
		ADDED from rdVideoEditSDK\xpkUISdkDemo\AndroidManifest.xml:71:13-51
	android:name
		ADDED from rdVideoEditSDK\xpkUISdkDemo\AndroidManifest.xml:70:13-42
activity#com.rd.xpkuisdk.SelectMediaActivity
ADDED from [xpkUISdkDemo:xpkUISdk:unspecified] AndroidManifest.xml:16:9-20:58
	android:screenOrientation
		ADDED from [xpkUISdkDemo:xpkUISdk:unspecified] AndroidManifest.xml:19:13-47
	android:configChanges
		ADDED from [xpkUISdkDemo:xpkUISdk:unspecified] AndroidManifest.xml:18:13-51
	android:theme
		ADDED from [xpkUISdkDemo:xpkUISdk:unspecified] AndroidManifest.xml:20:13-55
	android:name
		ADDED from [xpkUISdkDemo:xpkUISdk:unspecified] AndroidManifest.xml:17:13-63
activity#com.rd.xpkuisdk.VideoPreviewActivity
ADDED from [xpkUISdkDemo:xpkUISdk:unspecified] AndroidManifest.xml:21:9-33:20
	android:screenOrientation
		ADDED from [xpkUISdkDemo:xpkUISdk:unspecified] AndroidManifest.xml:24:13-47
	android:configChanges
		ADDED from [xpkUISdkDemo:xpkUISdk:unspecified] AndroidManifest.xml:23:13-51
	android:theme
		ADDED from [xpkUISdkDemo:xpkUISdk:unspecified] AndroidManifest.xml:25:13-55
	android:name
		ADDED from [xpkUISdkDemo:xpkUISdk:unspecified] AndroidManifest.xml:22:13-64
intent-filter#android.intent.action.VIEW+android.intent.category.DEFAULT
ADDED from [xpkUISdkDemo:xpkUISdk:unspecified] AndroidManifest.xml:26:13-32:29
action#android.intent.action.VIEW
ADDED from [xpkUISdkDemo:xpkUISdk:unspecified] AndroidManifest.xml:27:17-69
	android:name
		ADDED from [xpkUISdkDemo:xpkUISdk:unspecified] AndroidManifest.xml:27:25-66
category#android.intent.category.DEFAULT
ADDED from [xpkUISdkDemo:xpkUISdk:unspecified] AndroidManifest.xml:29:17-76
	android:name
		ADDED from [xpkUISdkDemo:xpkUISdk:unspecified] AndroidManifest.xml:29:27-73
data
ADDED from [xpkUISdkDemo:xpkUISdk:unspecified] AndroidManifest.xml:31:17-52
	android:mimeType
		ADDED from [xpkUISdkDemo:xpkUISdk:unspecified] AndroidManifest.xml:31:23-49
activity#com.rd.xpkuisdk.EditPreviewActivity
ADDED from [xpkUISdkDemo:xpkUISdk:unspecified] AndroidManifest.xml:34:9-38:58
	android:screenOrientation
		ADDED from [xpkUISdkDemo:xpkUISdk:unspecified] AndroidManifest.xml:37:13-47
	android:configChanges
		ADDED from [xpkUISdkDemo:xpkUISdk:unspecified] AndroidManifest.xml:36:13-51
	android:theme
		ADDED from [xpkUISdkDemo:xpkUISdk:unspecified] AndroidManifest.xml:38:13-55
	android:name
		ADDED from [xpkUISdkDemo:xpkUISdk:unspecified] AndroidManifest.xml:35:13-63
activity#com.rd.xpkuisdk.SVideoEditActivity
ADDED from [xpkUISdkDemo:xpkUISdk:unspecified] AndroidManifest.xml:39:9-43:58
	android:screenOrientation
		ADDED from [xpkUISdkDemo:xpkUISdk:unspecified] AndroidManifest.xml:42:13-47
	android:configChanges
		ADDED from [xpkUISdkDemo:xpkUISdk:unspecified] AndroidManifest.xml:41:13-51
	android:theme
		ADDED from [xpkUISdkDemo:xpkUISdk:unspecified] AndroidManifest.xml:43:13-55
	android:name
		ADDED from [xpkUISdkDemo:xpkUISdk:unspecified] AndroidManifest.xml:40:13-62
activity#com.rd.xpkuisdk.CropRotateMirrorActivity
ADDED from [xpkUISdkDemo:xpkUISdk:unspecified] AndroidManifest.xml:44:9-48:58
	android:screenOrientation
		ADDED from [xpkUISdkDemo:xpkUISdk:unspecified] AndroidManifest.xml:47:13-47
	android:configChanges
		ADDED from [xpkUISdkDemo:xpkUISdk:unspecified] AndroidManifest.xml:46:13-51
	android:theme
		ADDED from [xpkUISdkDemo:xpkUISdk:unspecified] AndroidManifest.xml:48:13-55
	android:name
		ADDED from [xpkUISdkDemo:xpkUISdk:unspecified] AndroidManifest.xml:45:13-68
activity#com.rd.xpkuisdk.VideoEditActivity
ADDED from [xpkUISdkDemo:xpkUISdk:unspecified] AndroidManifest.xml:49:9-54:76
	android:screenOrientation
		ADDED from [xpkUISdkDemo:xpkUISdk:unspecified] AndroidManifest.xml:52:13-47
	android:windowSoftInputMode
		ADDED from [xpkUISdkDemo:xpkUISdk:unspecified] AndroidManifest.xml:54:13-73
	android:configChanges
		ADDED from [xpkUISdkDemo:xpkUISdk:unspecified] AndroidManifest.xml:51:13-74
	android:theme
		ADDED from [xpkUISdkDemo:xpkUISdk:unspecified] AndroidManifest.xml:53:13-55
	android:name
		ADDED from [xpkUISdkDemo:xpkUISdk:unspecified] AndroidManifest.xml:50:13-61
activity#com.rd.xpkuisdk.CropVideoVerActivity
ADDED from [xpkUISdkDemo:xpkUISdk:unspecified] AndroidManifest.xml:55:9-59:58
	android:screenOrientation
		ADDED from [xpkUISdkDemo:xpkUISdk:unspecified] AndroidManifest.xml:58:13-49
	android:configChanges
		ADDED from [xpkUISdkDemo:xpkUISdk:unspecified] AndroidManifest.xml:57:13-51
	android:theme
		ADDED from [xpkUISdkDemo:xpkUISdk:unspecified] AndroidManifest.xml:59:13-55
	android:name
		ADDED from [xpkUISdkDemo:xpkUISdk:unspecified] AndroidManifest.xml:56:13-64
activity#com.rd.xpkuisdk.SpeedPreviewActivity
ADDED from [xpkUISdkDemo:xpkUISdk:unspecified] AndroidManifest.xml:60:9-64:58
	android:screenOrientation
		ADDED from [xpkUISdkDemo:xpkUISdk:unspecified] AndroidManifest.xml:63:13-47
	android:configChanges
		ADDED from [xpkUISdkDemo:xpkUISdk:unspecified] AndroidManifest.xml:62:13-51
	android:theme
		ADDED from [xpkUISdkDemo:xpkUISdk:unspecified] AndroidManifest.xml:64:13-55
	android:name
		ADDED from [xpkUISdkDemo:xpkUISdk:unspecified] AndroidManifest.xml:61:13-64
activity#com.rd.xpkuisdk.ImageDurationActivity
ADDED from [xpkUISdkDemo:xpkUISdk:unspecified] AndroidManifest.xml:65:9-69:58
	android:screenOrientation
		ADDED from [xpkUISdkDemo:xpkUISdk:unspecified] AndroidManifest.xml:68:13-47
	android:configChanges
		ADDED from [xpkUISdkDemo:xpkUISdk:unspecified] AndroidManifest.xml:67:13-51
	android:theme
		ADDED from [xpkUISdkDemo:xpkUISdk:unspecified] AndroidManifest.xml:69:13-55
	android:name
		ADDED from [xpkUISdkDemo:xpkUISdk:unspecified] AndroidManifest.xml:66:13-65
activity#com.rd.xpkuisdk.ExtPhotoActivity
ADDED from [xpkUISdkDemo:xpkUISdk:unspecified] AndroidManifest.xml:70:9-75:76
	android:screenOrientation
		ADDED from [xpkUISdkDemo:xpkUISdk:unspecified] AndroidManifest.xml:73:13-47
	android:windowSoftInputMode
		ADDED from [xpkUISdkDemo:xpkUISdk:unspecified] AndroidManifest.xml:75:13-73
	android:configChanges
		ADDED from [xpkUISdkDemo:xpkUISdk:unspecified] AndroidManifest.xml:72:13-51
	android:theme
		ADDED from [xpkUISdkDemo:xpkUISdk:unspecified] AndroidManifest.xml:74:13-55
	android:name
		ADDED from [xpkUISdkDemo:xpkUISdk:unspecified] AndroidManifest.xml:71:13-60
activity#com.rd.xpkuisdk.LiveCameraActivity
ADDED from [xpkUISdkDemo:xpkUISdk:unspecified] AndroidManifest.xml:76:9-81:76
	android:screenOrientation
		ADDED from [xpkUISdkDemo:xpkUISdk:unspecified] AndroidManifest.xml:79:13-49
	android:windowSoftInputMode
		ADDED from [xpkUISdkDemo:xpkUISdk:unspecified] AndroidManifest.xml:81:13-73
	android:configChanges
		ADDED from [xpkUISdkDemo:xpkUISdk:unspecified] AndroidManifest.xml:78:13-51
	android:theme
		ADDED from [xpkUISdkDemo:xpkUISdk:unspecified] AndroidManifest.xml:80:13-55
	android:name
		ADDED from [xpkUISdkDemo:xpkUISdk:unspecified] AndroidManifest.xml:77:13-62
activity#com.rd.xpkuisdk.MoreMusicActivity
ADDED from [xpkUISdkDemo:xpkUISdk:unspecified] AndroidManifest.xml:82:9-87:76
	android:screenOrientation
		ADDED from [xpkUISdkDemo:xpkUISdk:unspecified] AndroidManifest.xml:85:13-47
	android:windowSoftInputMode
		ADDED from [xpkUISdkDemo:xpkUISdk:unspecified] AndroidManifest.xml:87:13-73
	android:configChanges
		ADDED from [xpkUISdkDemo:xpkUISdk:unspecified] AndroidManifest.xml:84:13-51
	android:theme
		ADDED from [xpkUISdkDemo:xpkUISdk:unspecified] AndroidManifest.xml:86:13-55
	android:name
		ADDED from [xpkUISdkDemo:xpkUISdk:unspecified] AndroidManifest.xml:83:13-61
activity#com.rd.xpkuisdk.MoreThemeActivity
ADDED from [xpkUISdkDemo:xpkUISdk:unspecified] AndroidManifest.xml:88:9-93:76
	android:screenOrientation
		ADDED from [xpkUISdkDemo:xpkUISdk:unspecified] AndroidManifest.xml:91:13-49
	android:windowSoftInputMode
		ADDED from [xpkUISdkDemo:xpkUISdk:unspecified] AndroidManifest.xml:93:13-73
	android:configChanges
		ADDED from [xpkUISdkDemo:xpkUISdk:unspecified] AndroidManifest.xml:90:13-51
	android:theme
		ADDED from [xpkUISdkDemo:xpkUISdk:unspecified] AndroidManifest.xml:92:13-55
	android:name
		ADDED from [xpkUISdkDemo:xpkUISdk:unspecified] AndroidManifest.xml:89:13-61
activity#com.rd.xpkuisdk.MoreTransitionActivity
ADDED from [xpkUISdkDemo:xpkUISdk:unspecified] AndroidManifest.xml:94:9-99:76
	android:screenOrientation
		ADDED from [xpkUISdkDemo:xpkUISdk:unspecified] AndroidManifest.xml:97:13-49
	android:windowSoftInputMode
		ADDED from [xpkUISdkDemo:xpkUISdk:unspecified] AndroidManifest.xml:99:13-73
	android:configChanges
		ADDED from [xpkUISdkDemo:xpkUISdk:unspecified] AndroidManifest.xml:96:13-51
	android:theme
		ADDED from [xpkUISdkDemo:xpkUISdk:unspecified] AndroidManifest.xml:98:13-55
	android:name
		ADDED from [xpkUISdkDemo:xpkUISdk:unspecified] AndroidManifest.xml:95:13-66
activity#com.rd.xpkuisdk.SightseeingFileActivity
ADDED from [xpkUISdkDemo:xpkUISdk:unspecified] AndroidManifest.xml:100:9-105:76
	android:screenOrientation
		ADDED from [xpkUISdkDemo:xpkUISdk:unspecified] AndroidManifest.xml:103:13-47
	android:windowSoftInputMode
		ADDED from [xpkUISdkDemo:xpkUISdk:unspecified] AndroidManifest.xml:105:13-73
	android:configChanges
		ADDED from [xpkUISdkDemo:xpkUISdk:unspecified] AndroidManifest.xml:102:13-51
	android:theme
		ADDED from [xpkUISdkDemo:xpkUISdk:unspecified] AndroidManifest.xml:104:13-55
	android:name
		ADDED from [xpkUISdkDemo:xpkUISdk:unspecified] AndroidManifest.xml:101:13-67
activity#com.rd.xpkuisdk.TrimMediaActivity
ADDED from [xpkUISdkDemo:xpkUISdk:unspecified] AndroidManifest.xml:106:9-110:58
	android:screenOrientation
		ADDED from [xpkUISdkDemo:xpkUISdk:unspecified] AndroidManifest.xml:109:13-47
	android:configChanges
		ADDED from [xpkUISdkDemo:xpkUISdk:unspecified] AndroidManifest.xml:108:13-51
	android:theme
		ADDED from [xpkUISdkDemo:xpkUISdk:unspecified] AndroidManifest.xml:110:13-55
	android:name
		ADDED from [xpkUISdkDemo:xpkUISdk:unspecified] AndroidManifest.xml:107:13-61
activity#com.rd.xpkuisdk.SortMediaActivity
ADDED from [xpkUISdkDemo:xpkUISdk:unspecified] AndroidManifest.xml:111:9-115:58
	android:screenOrientation
		ADDED from [xpkUISdkDemo:xpkUISdk:unspecified] AndroidManifest.xml:114:13-47
	android:configChanges
		ADDED from [xpkUISdkDemo:xpkUISdk:unspecified] AndroidManifest.xml:113:13-51
	android:theme
		ADDED from [xpkUISdkDemo:xpkUISdk:unspecified] AndroidManifest.xml:115:13-55
	android:name
		ADDED from [xpkUISdkDemo:xpkUISdk:unspecified] AndroidManifest.xml:112:13-61
activity#com.rd.xpkuisdk.TransitionActivity
ADDED from [xpkUISdkDemo:xpkUISdk:unspecified] AndroidManifest.xml:116:9-120:58
	android:screenOrientation
		ADDED from [xpkUISdkDemo:xpkUISdk:unspecified] AndroidManifest.xml:119:13-47
	android:configChanges
		ADDED from [xpkUISdkDemo:xpkUISdk:unspecified] AndroidManifest.xml:118:13-51
	android:theme
		ADDED from [xpkUISdkDemo:xpkUISdk:unspecified] AndroidManifest.xml:120:13-55
	android:name
		ADDED from [xpkUISdkDemo:xpkUISdk:unspecified] AndroidManifest.xml:117:13-62
activity#com.rd.xpkuisdk.WebMusicActivity
ADDED from [xpkUISdkDemo:xpkUISdk:unspecified] AndroidManifest.xml:121:9-125:58
	android:screenOrientation
		ADDED from [xpkUISdkDemo:xpkUISdk:unspecified] AndroidManifest.xml:124:13-47
	android:configChanges
		ADDED from [xpkUISdkDemo:xpkUISdk:unspecified] AndroidManifest.xml:123:13-51
	android:theme
		ADDED from [xpkUISdkDemo:xpkUISdk:unspecified] AndroidManifest.xml:125:13-55
	android:name
		ADDED from [xpkUISdkDemo:xpkUISdk:unspecified] AndroidManifest.xml:122:13-60